0 info it worked if it ends with ok
1 verbose cli [ 'node',
1 verbose cli   '/usr/local/bin/npm',
1 verbose cli   'install',
1 verbose cli   'promise',
1 verbose cli   '-',
1 verbose cli   '--save' ]
2 info using npm@1.4.28
3 info using node@v0.10.33
4 warn package.json user_viewed_log@1.0.0 No description
5 warn package.json user_viewed_log@1.0.0 No README data
6 verbose readDependencies using package.json deps
7 verbose cache add [ 'promise', null ]
8 verbose cache add name=undefined spec="promise" args=["promise",null]
9 verbose parsed url { protocol: null,
9 verbose parsed url   slashes: null,
9 verbose parsed url   auth: null,
9 verbose parsed url   host: null,
9 verbose parsed url   port: null,
9 verbose parsed url   hostname: null,
9 verbose parsed url   hash: null,
9 verbose parsed url   search: null,
9 verbose parsed url   query: null,
9 verbose parsed url   pathname: 'promise',
9 verbose parsed url   path: 'promise',
9 verbose parsed url   href: 'promise' }
10 verbose cache add [ '-', null ]
11 verbose cache add name=undefined spec="-" args=["-",null]
12 verbose parsed url { protocol: null,
12 verbose parsed url   slashes: null,
12 verbose parsed url   auth: null,
12 verbose parsed url   host: null,
12 verbose parsed url   port: null,
12 verbose parsed url   hostname: null,
12 verbose parsed url   hash: null,
12 verbose parsed url   search: null,
12 verbose parsed url   query: null,
12 verbose parsed url   pathname: '-',
12 verbose parsed url   path: '-',
12 verbose parsed url   href: '-' }
13 silly lockFile 8c2fd844-promise promise
14 verbose lock promise /Users/sanbornadmin/.npm/8c2fd844-promise.lock
15 silly lockFile 3bc15c8a- -
16 verbose lock - /Users/sanbornadmin/.npm/3bc15c8a-.lock
17 silly lockFile 3bc15c8a- -
18 silly lockFile 3bc15c8a- -
19 silly lockFile 8c2fd844-promise promise
20 silly lockFile 8c2fd844-promise promise
21 verbose addNamed [ '-', '' ]
22 verbose addNamed [ null, '*' ]
23 silly lockFile c75fe0d4- -@
24 verbose lock -@ /Users/sanbornadmin/.npm/c75fe0d4-.lock
25 verbose addNamed [ 'promise', '' ]
26 verbose addNamed [ null, '*' ]
27 silly lockFile 9bab9899-promise promise@
28 verbose lock promise@ /Users/sanbornadmin/.npm/9bab9899-promise.lock
29 silly addNameRange { name: '-', range: '*', hasData: false }
30 silly addNameRange { name: 'promise', range: '*', hasData: false }
31 verbose request where is /-
32 verbose request registry https://registry.npmjs.org/
33 verbose request id 02f9c76d73dbf331
34 verbose url raw /-
35 verbose url resolving [ 'https://registry.npmjs.org/', './-' ]
36 verbose url resolved https://registry.npmjs.org/-
37 verbose request where is https://registry.npmjs.org/-
38 info trying registry request attempt 1 at 13:18:11
39 http GET https://registry.npmjs.org/-
40 verbose request where is /promise
41 verbose request registry https://registry.npmjs.org/
42 verbose url raw /promise
43 verbose url resolving [ 'https://registry.npmjs.org/', './promise' ]
44 verbose url resolved https://registry.npmjs.org/promise
45 verbose request where is https://registry.npmjs.org/promise
46 info trying registry request attempt 1 at 13:18:11
47 verbose etag "BSKRUBODVZT9ZQ502450GPXMM"
48 http GET https://registry.npmjs.org/promise
49 http 200 https://registry.npmjs.org/promise
50 silly registry.get cb [ 200,
50 silly registry.get   { date: 'Sat, 21 Mar 2015 17:18:12 GMT',
50 silly registry.get     server: 'CouchDB/1.5.0 (Erlang OTP/R16B03)',
50 silly registry.get     etag: '"AC5Q32WKNOV8OYMV5MV2C781Z"',
50 silly registry.get     'content-type': 'application/json',
50 silly registry.get     'cache-control': 'max-age=60',
50 silly registry.get     'content-length': '22097',
50 silly registry.get     'accept-ranges': 'bytes',
50 silly registry.get     via: '1.1 varnish',
50 silly registry.get     age: '35',
50 silly registry.get     'x-served-by': 'cache-jfk1027-JFK',
50 silly registry.get     'x-cache': 'HIT',
50 silly registry.get     'x-cache-hits': '1',
50 silly registry.get     'x-timer': 'S1426958292.520534,VS0,VE0',
50 silly registry.get     vary: 'Accept',
50 silly registry.get     'keep-alive': 'timeout=10, max=50',
50 silly registry.get     connection: 'Keep-Alive' } ]
51 silly addNameRange number 2 { name: 'promise', range: '*', hasData: true }
52 silly addNameRange versions [ 'promise',
52 silly addNameRange   [ '1.2.1',
52 silly addNameRange     '1.2.2',
52 silly addNameRange     '1.3.0',
52 silly addNameRange     '2.0.0',
52 silly addNameRange     '3.0.0',
52 silly addNameRange     '3.0.1',
52 silly addNameRange     '3.1.0',
52 silly addNameRange     '3.2.0',
52 silly addNameRange     '4.0.0',
52 silly addNameRange     '5.0.0',
52 silly addNameRange     '6.0.0',
52 silly addNameRange     '6.0.1',
52 silly addNameRange     '6.1.0' ] ]
53 verbose addNamed [ 'promise', '6.1.0' ]
54 verbose addNamed [ '6.1.0', '6.1.0' ]
55 silly lockFile 1b059bf2-promise-6-1-0 promise@6.1.0
56 verbose lock promise@6.1.0 /Users/sanbornadmin/.npm/1b059bf2-promise-6-1-0.lock
57 silly lockFile f15244b3-js-org-promise-promise-6-1-0-tgz https://registry.npmjs.org/promise/-/promise-6.1.0.tgz
58 verbose lock https://registry.npmjs.org/promise/-/promise-6.1.0.tgz /Users/sanbornadmin/.npm/f15244b3-js-org-promise-promise-6-1-0-tgz.lock
59 verbose addRemoteTarball [ 'https://registry.npmjs.org/promise/-/promise-6.1.0.tgz',
59 verbose addRemoteTarball   '2ce729f6b94b45c26891ad0602c5c90e04c6eef6' ]
60 info retry fetch attempt 1 at 13:18:12
61 verbose fetch to= /var/folders/l5/6xcn12xn02xg47gv5v11wgx80000gp/T/npm-4799-0uSzspmq/registry.npmjs.org/promise/-/promise-6.1.0.tgz
62 http GET https://registry.npmjs.org/promise/-/promise-6.1.0.tgz
63 http 404 https://registry.npmjs.org/-
64 silly registry.get cb [ 404,
64 silly registry.get   { date: 'Sat, 21 Mar 2015 17:18:12 GMT',
64 silly registry.get     server: 'Apache',
64 silly registry.get     'content-type': 'application/json',
64 silly registry.get     'cache-control': 'max-age=0',
64 silly registry.get     'content-length': '57',
64 silly registry.get     'accept-ranges': 'bytes',
64 silly registry.get     via: '1.1 varnish',
64 silly registry.get     age: '0',
64 silly registry.get     'x-served-by': 'cache-jfk1031-JFK',
64 silly registry.get     'x-cache': 'MISS',
64 silly registry.get     'x-cache-hits': '0',
64 silly registry.get     'x-timer': 'S1426958292.519818,VS0,VE350',
64 silly registry.get     'keep-alive': 'timeout=10, max=50',
64 silly registry.get     connection: 'Keep-Alive' } ]
65 silly lockFile c75fe0d4- -@
66 silly lockFile c75fe0d4- -@
67 http 200 https://registry.npmjs.org/promise/-/promise-6.1.0.tgz
68 silly lockFile f15244b3-js-org-promise-promise-6-1-0-tgz https://registry.npmjs.org/promise/-/promise-6.1.0.tgz
69 silly lockFile f15244b3-js-org-promise-promise-6-1-0-tgz https://registry.npmjs.org/promise/-/promise-6.1.0.tgz
70 silly lockFile 1b059bf2-promise-6-1-0 promise@6.1.0
71 silly lockFile 1b059bf2-promise-6-1-0 promise@6.1.0
72 silly lockFile 9bab9899-promise promise@
73 silly lockFile 9bab9899-promise promise@
74 error 404 Not Found
75 error System Darwin 13.3.0
76 error command "node" "/usr/local/bin/npm" "install" "promise" "-" "--save"
77 error cwd /Applications/MAMP/htdocs/user_viewed_log
78 error node -v v0.10.33
79 error npm -v 1.4.28
80 error code E404
81 verbose exit [ 1, true ]
